# JRE version: OpenJDK Runtime Environment Temurin-21.0.10+7 (21.0.10+7) (build 21.0.10+7-LTS)
# Java VM: OpenJDK 64-Bit Server VM Temurin-21.0.10+7 (21.0.10+7-LTS, mixed mode, sharing, tiered, compressed oops, compressed class ptrs, parallel gc, windows-amd64)
GC Precious Log:
 CardTable entry size: 512
 CPUs: 12 total, 12 available
 Memory: 7577M
 Large Page Support: Disabled
 NUMA Support: Disabled
 Compressed Oops: Enabled (32-bit)
 Alignments: Space 512K, Generation 512K, Heap 2M
 Heap Min Capacity: 100M
 Heap Initial Capacity: 100M
 Heap Max Capacity: 2G
 Pre-touch: Disabled
 Parallel Workers: 10
Heap:
 PSYoungGen      total 3584K, used 1083K [0x00000000d5580000, 0x00000000d5a00000, 0x0000000100000000)
  eden space 2560K, 16% used [0x00000000d5580000,0x00000000d55e6ed0,0x00000000d5800000)
  from space 1024K, 65% used [0x00000000d5900000,0x00000000d59a8000,0x00000000d5a00000)
  to   space 1024K, 0% used [0x00000000d5800000,0x00000000d5800000,0x00000000d5900000)
 ParOldGen       total 575488K, used 575025K [0x0000000080000000, 0x00000000a3200000, 0x00000000d5580000)
  object space 575488K, 99% used [0x0000000080000000,0x00000000a318c640,0x00000000a3200000)
 Metaspace       used 93290K, committed 95040K, reserved 1179648K
  class space    used 9453K, committed 10304K, reserved 1048576K
GC Heap History (20 events):
Event: 10520.195 GC heap before
{Heap before GC invocations=2176 (full 6):
 PSYoungGen      total 4608K, used 4059K [0x00000000d5580000, 0x00000000d5b80000, 0x0000000100000000)
  eden space 2560K, 100% used [0x00000000d5580000,0x00000000d5800000,0x00000000d5800000)
  from space 2048K, 73% used [0x00000000d5800000,0x00000000d5976c10,0x00000000d5a00000)
  to   space 1536K, 0% used [0x00000000d5a00000,0x00000000d5a00000,0x00000000d5b80000)
 ParOldGen       total 567808K, used 567535K [0x0000000080000000, 0x00000000a2a80000, 0x00000000d5580000)
  object space 567808K, 99% used [0x0000000080000000,0x00000000a2a3bd30,0x00000000a2a80000)
 Metaspace       used 93227K, committed 94976K, reserved 1179648K
  class space    used 9448K, committed 10304K, reserved 1048576K
}
Event: 10520.199 GC heap after
{Heap after GC invocations=2176 (full 6):
 PSYoungGen      total 3584K, used 992K [0x00000000d5580000, 0x00000000d5b00000, 0x0000000100000000)
  eden space 2560K, 0% used [0x00000000d5580000,0x00000000d5580000,0x00000000d5800000)
  from space 1024K, 96% used [0x00000000d5a00000,0x00000000d5af8040,0x00000000d5b00000)
  to   space 1536K, 0% used [0x00000000d5800000,0x00000000d5800000,0x00000000d5980000)
 ParOldGen       total 569344K, used 568859K [0x0000000080000000, 0x00000000a2c00000, 0x00000000d5580000)
  object space 569344K, 99% used [0x0000000080000000,0x00000000a2b86f50,0x00000000a2c00000)
 Metaspace       used 93227K, committed 94976K, reserved 1179648K
  class space    used 9448K, committed 10304K, reserved 1048576K
}
Event: 10520.440 GC heap before
{Heap before GC invocations=2177 (full 6):
 PSYoungGen      total 3584K, used 3552K [0x00000000d5580000, 0x00000000d5b00000, 0x0000000100000000)
  eden space 2560K, 100% used [0x00000000d5580000,0x00000000d5800000,0x00000000d5800000)
  from space 1024K, 96% used [0x00000000d5a00000,0x00000000d5af8040,0x00000000d5b00000)
  to   space 1536K, 0% used [0x00000000d5800000,0x00000000d5800000,0x00000000d5980000)
 ParOldGen       total 569344K, used 568859K [0x0000000080000000, 0x00000000a2c00000, 0x00000000d5580000)
  object space 569344K, 99% used [0x0000000080000000,0x00000000a2b86f50,0x00000000a2c00000)
 Metaspace       used 93228K, committed 94976K, reserved 1179648K
  class space    used 9448K, committed 10304K, reserved 1048576K
}
Event: 10520.445 GC heap after
{Heap after GC invocations=2177 (full 6):
 PSYoungGen      total 4096K, used 1087K [0x00000000d5580000, 0x00000000d5b00000, 0x0000000100000000)
  eden space 2560K, 0% used [0x00000000d5580000,0x00000000d5580000,0x00000000d5800000)
  from space 1536K, 70% used [0x00000000d5800000,0x00000000d590ff70,0x00000000d5980000)
  to   space 1536K, 0% used [0x00000000d5980000,0x00000000d5980000,0x00000000d5b00000)
 ParOldGen       total 569856K, used 569643K [0x0000000080000000, 0x00000000a2c80000, 0x00000000d5580000)
  object space 569856K, 99% used [0x0000000080000000,0x00000000a2c4af90,0x00000000a2c80000)
 Metaspace       used 93228K, committed 94976K, reserved 1179648K
  class space    used 9448K, committed 10304K, reserved 1048576K
}
Event: 10520.469 GC heap before
{Heap before GC invocations=2178 (full 6):
 PSYoungGen      total 4096K, used 3647K [0x00000000d5580000, 0x00000000d5b00000, 0x0000000100000000)
  eden space 2560K, 100% used [0x00000000d5580000,0x00000000d5800000,0x00000000d5800000)
  from space 1536K, 70% used [0x00000000d5800000,0x00000000d590ff70,0x00000000d5980000)
  to   space 1536K, 0% used [0x00000000d5980000,0x00000000d5980000,0x00000000d5b00000)
 ParOldGen       total 569856K, used 569643K [0x0000000080000000, 0x00000000a2c80000, 0x00000000d5580000)
  object space 569856K, 99% used [0x0000000080000000,0x00000000a2c4af90,0x00000000a2c80000)
 Metaspace       used 93228K, committed 94976K, reserved 1179648K
  class space    used 9448K, committed 10304K, reserved 1048576K
}
Event: 10520.472 GC heap after
{Heap after GC invocations=2178 (full 6):
 PSYoungGen      total 3584K, used 608K [0x00000000d5580000, 0x00000000d5a80000, 0x0000000100000000)
  eden space 2560K, 0% used [0x00000000d5580000,0x00000000d5580000,0x00000000d5800000)
  from space 1024K, 59% used [0x00000000d5980000,0x00000000d5a18000,0x00000000d5a80000)
  to   space 1024K, 0% used [0x00000000d5880000,0x00000000d5880000,0x00000000d5980000)
 ParOldGen       total 570880K, used 570555K [0x0000000080000000, 0x00000000a2d80000, 0x00000000d5580000)
  object space 570880K, 99% used [0x0000000080000000,0x00000000a2d2ecd0,0x00000000a2d80000)
 Metaspace       used 93228K, committed 94976K, reserved 1179648K
  class space    used 9448K, committed 10304K, reserved 1048576K
}
Event: 10520.495 GC heap before
{Heap before GC invocations=2179 (full 6):
 PSYoungGen      total 3584K, used 3168K [0x00000000d5580000, 0x00000000d5a80000, 0x0000000100000000)
  eden space 2560K, 100% used [0x00000000d5580000,0x00000000d5800000,0x00000000d5800000)
  from space 1024K, 59% used [0x00000000d5980000,0x00000000d5a18000,0x00000000d5a80000)
  to   space 1024K, 0% used [0x00000000d5880000,0x00000000d5880000,0x00000000d5980000)
 ParOldGen       total 570880K, used 570555K [0x0000000080000000, 0x00000000a2d80000, 0x00000000d5580000)
  object space 570880K, 99% used [0x0000000080000000,0x00000000a2d2ecd0,0x00000000a2d80000)
 Metaspace       used 93229K, committed 94976K, reserved 1179648K
  class space    used 9448K, committed 10304K, reserved 1048576K
}
Event: 10520.499 GC heap after
{Heap after GC invocations=2179 (full 6):
 PSYoungGen      total 3072K, used 512K [0x00000000d5580000, 0x00000000d5a00000, 0x0000000100000000)
  eden space 2560K, 0% used [0x00000000d5580000,0x00000000d5580000,0x00000000d5800000)
  from space 512K, 100% used [0x00000000d5880000,0x00000000d5900000,0x00000000d5900000)
  to   space 1024K, 0% used [0x00000000d5900000,0x00000000d5900000,0x00000000d5a00000)
 ParOldGen       total 571392K, used 570955K [0x0000000080000000, 0x00000000a2e00000, 0x00000000d5580000)
  object space 571392K, 99% used [0x0000000080000000,0x00000000a2d92cf0,0x00000000a2e00000)
 Metaspace       used 93229K, committed 94976K, reserved 1179648K
  class space    used 9448K, committed 10304K, reserved 1048576K
}
Event: 10520.817 GC heap before
{Heap before GC invocations=2180 (full 6):
 PSYoungGen      total 3072K, used 3072K [0x00000000d5580000, 0x00000000d5a00000, 0x0000000100000000)
  eden space 2560K, 100% used [0x00000000d5580000,0x00000000d5800000,0x00000000d5800000)
  from space 512K, 100% used [0x00000000d5880000,0x00000000d5900000,0x00000000d5900000)
  to   space 1024K, 0% used [0x00000000d5900000,0x00000000d5900000,0x00000000d5a00000)
 ParOldGen       total 571392K, used 570955K [0x0000000080000000, 0x00000000a2e00000, 0x00000000d5580000)
  object space 571392K, 99% used [0x0000000080000000,0x00000000a2d92cf0,0x00000000a2e00000)
 Metaspace       used 93237K, committed 94976K, reserved 1179648K
  class space    used 9448K, committed 10304K, reserved 1048576K
}
Event: 10520.824 GC heap after
{Heap after GC invocations=2180 (full 6):
 PSYoungGen      total 3584K, used 830K [0x00000000d5580000, 0x00000000d5a00000, 0x0000000100000000)
  eden space 2560K, 0% used [0x00000000d5580000,0x00000000d5580000,0x00000000d5800000)
  from space 1024K, 81% used [0x00000000d5900000,0x00000000d59cfb20,0x00000000d5a00000)
  to   space 1024K, 0% used [0x00000000d5800000,0x00000000d5800000,0x00000000d5900000)
 ParOldGen       total 571392K, used 571315K [0x0000000080000000, 0x00000000a2e00000, 0x00000000d5580000)
  object space 571392K, 99% used [0x0000000080000000,0x00000000a2deccf0,0x00000000a2e00000)
 Metaspace       used 93237K, committed 94976K, reserved 1179648K
  class space    used 9448K, committed 10304K, reserved 1048576K
}
Event: 10521.261 GC heap before
{Heap before GC invocations=2181 (full 6):
 PSYoungGen      total 3584K, used 3390K [0x00000000d5580000, 0x00000000d5a00000, 0x0000000100000000)
  eden space 2560K, 100% used [0x00000000d5580000,0x00000000d5800000,0x00000000d5800000)
  from space 1024K, 81% used [0x00000000d5900000,0x00000000d59cfb20,0x00000000d5a00000)
  to   space 1024K, 0% used [0x00000000d5800000,0x00000000d5800000,0x00000000d5900000)
 ParOldGen       total 571392K, used 571315K [0x0000000080000000, 0x00000000a2e00000, 0x00000000d5580000)
  object space 571392K, 99% used [0x0000000080000000,0x00000000a2deccf0,0x00000000a2e00000)
 Metaspace       used 93239K, committed 94976K, reserved 1179648K
  class space    used 9448K, committed 10304K, reserved 1048576K
}
Event: 10521.265 GC heap after
{Heap after GC invocations=2181 (full 6):
 PSYoungGen      total 3584K, used 960K [0x00000000d5580000, 0x00000000d5a00000, 0x0000000100000000)
  eden space 2560K, 0% used [0x00000000d5580000,0x00000000d5580000,0x00000000d5800000)
  from space 1024K, 93% used [0x00000000d5800000,0x00000000d58f0000,0x00000000d5900000)
  to   space 1024K, 0% used [0x00000000d5900000,0x00000000d5900000,0x00000000d5a00000)
 ParOldGen       total 572416K, used 572031K [0x0000000080000000, 0x00000000a2f00000, 0x00000000d5580000)
  object space 572416K, 99% used [0x0000000080000000,0x00000000a2e9ff90,0x00000000a2f00000)
 Metaspace       used 93239K, committed 94976K, reserved 1179648K
  class space    used 9448K, committed 10304K, reserved 1048576K
}
Event: 10521.903 GC heap before
{Heap before GC invocations=2182 (full 6):
 PSYoungGen      total 3584K, used 3520K [0x00000000d5580000, 0x00000000d5a00000, 0x0000000100000000)
  eden space 2560K, 100% used [0x00000000d5580000,0x00000000d5800000,0x00000000d5800000)
  from space 1024K, 93% used [0x00000000d5800000,0x00000000d58f0000,0x00000000d5900000)
  to   space 1024K, 0% used [0x00000000d5900000,0x00000000d5900000,0x00000000d5a00000)
 ParOldGen       total 572416K, used 572031K [0x0000000080000000, 0x00000000a2f00000, 0x00000000d5580000)
  object space 572416K, 99% used [0x0000000080000000,0x00000000a2e9ff90,0x00000000a2f00000)
 Metaspace       used 93276K, committed 95040K, reserved 1179648K
  class space    used 9453K, committed 10304K, reserved 1048576K
}
Event: 10521.909 GC heap after
{Heap after GC invocations=2182 (full 6):
 PSYoungGen      total 3584K, used 544K [0x00000000d5580000, 0x00000000d5a00000, 0x0000000100000000)
  eden space 2560K, 0% used [0x00000000d5580000,0x00000000d5580000,0x00000000d5800000)
  from space 1024K, 53% used [0x00000000d5900000,0x00000000d5988000,0x00000000d5a00000)
  to   space 1024K, 0% used [0x00000000d5800000,0x00000000d5800000,0x00000000d5900000)
 ParOldGen       total 572928K, used 572831K [0x0000000080000000, 0x00000000a2f80000, 0x00000000d5580000)
  object space 572928K, 99% used [0x0000000080000000,0x00000000a2f67f90,0x00000000a2f80000)
 Metaspace       used 93276K, committed 95040K, reserved 1179648K
  class space    used 9453K, committed 10304K, reserved 1048576K
}
Event: 10522.681 GC heap before
{Heap before GC invocations=2183 (full 6):
 PSYoungGen      total 3584K, used 3104K [0x00000000d5580000, 0x00000000d5a00000, 0x0000000100000000)
  eden space 2560K, 100% used [0x00000000d5580000,0x00000000d5800000,0x00000000d5800000)
  from space 1024K, 53% used [0x00000000d5900000,0x00000000d5988000,0x00000000d5a00000)
  to   space 1024K, 0% used [0x00000000d5800000,0x00000000d5800000,0x00000000d5900000)
 ParOldGen       total 572928K, used 572831K [0x0000000080000000, 0x00000000a2f80000, 0x00000000d5580000)
  object space 572928K, 99% used [0x0000000080000000,0x00000000a2f67f90,0x00000000a2f80000)
 Metaspace       used 93288K, committed 95040K, reserved 1179648K
  class space    used 9453K, committed 10304K, reserved 1048576K
}
Event: 10522.684 GC heap after
{Heap after GC invocations=2183 (full 6):
 PSYoungGen      total 3584K, used 256K [0x00000000d5580000, 0x00000000d5980000, 0x0000000100000000)
  eden space 2560K, 0% used [0x00000000d5580000,0x00000000d5580000,0x00000000d5800000)
  from space 1024K, 25% used [0x00000000d5800000,0x00000000d5840000,0x00000000d5900000)
  to   space 512K, 0% used [0x00000000d5900000,0x00000000d5900000,0x00000000d5980000)
 ParOldGen       total 573440K, used 573195K [0x0000000080000000, 0x00000000a3000000, 0x00000000d5580000)
  object space 573440K, 99% used [0x0000000080000000,0x00000000a2fc2fa0,0x00000000a3000000)
 Metaspace       used 93288K, committed 95040K, reserved 1179648K
  class space    used 9453K, committed 10304K, reserved 1048576K
}
Event: 10523.259 GC heap before
{Heap before GC invocations=2184 (full 6):
 PSYoungGen      total 3584K, used 2816K [0x00000000d5580000, 0x00000000d5980000, 0x0000000100000000)
  eden space 2560K, 100% used [0x00000000d5580000,0x00000000d5800000,0x00000000d5800000)
  from space 1024K, 25% used [0x00000000d5800000,0x00000000d5840000,0x00000000d5900000)
  to   space 512K, 0% used [0x00000000d5900000,0x00000000d5900000,0x00000000d5980000)
 ParOldGen       total 573440K, used 573195K [0x0000000080000000, 0x00000000a3000000, 0x00000000d5580000)
  object space 573440K, 99% used [0x0000000080000000,0x00000000a2fc2fa0,0x00000000a3000000)
 Metaspace       used 93288K, committed 95040K, reserved 1179648K
  class space    used 9453K, committed 10304K, reserved 1048576K
}
Event: 10523.262 GC heap after
{Heap after GC invocations=2184 (full 6):
 PSYoungGen      total 3072K, used 512K [0x00000000d5580000, 0x00000000d5a00000, 0x0000000100000000)
  eden space 2560K, 0% used [0x00000000d5580000,0x00000000d5580000,0x00000000d5800000)
  from space 512K, 100% used [0x00000000d5900000,0x00000000d5980000,0x00000000d5980000)
  to   space 1024K, 0% used [0x00000000d5800000,0x00000000d5800000,0x00000000d5900000)
 ParOldGen       total 573440K, used 573343K [0x0000000080000000, 0x00000000a3000000, 0x00000000d5580000)
  object space 573440K, 99% used [0x0000000080000000,0x00000000a2fe7fb0,0x00000000a3000000)
 Metaspace       used 93288K, committed 95040K, reserved 1179648K
  class space    used 9453K, committed 10304K, reserved 1048576K
}
Event: 10523.639 GC heap before
{Heap before GC invocations=2185 (full 6):
 PSYoungGen      total 3072K, used 3072K [0x00000000d5580000, 0x00000000d5a00000, 0x0000000100000000)
  eden space 2560K, 100% used [0x00000000d5580000,0x00000000d5800000,0x00000000d5800000)
  from space 512K, 100% used [0x00000000d5900000,0x00000000d5980000,0x00000000d5980000)
  to   space 1024K, 0% used [0x00000000d5800000,0x00000000d5800000,0x00000000d5900000)
 ParOldGen       total 573440K, used 573343K [0x0000000080000000, 0x00000000a3000000, 0x00000000d5580000)
  object space 573440K, 99% used [0x0000000080000000,0x00000000a2fe7fb0,0x00000000a3000000)
 Metaspace       used 93288K, committed 95040K, reserved 1179648K
  class space    used 9453K, committed 10304K, reserved 1048576K
}
Event: 10524.677 GC heap after
{Heap after GC invocations=2185 (full 6):
 PSYoungGen      total 3584K, used 672K [0x00000000d5580000, 0x00000000d5a80000, 0x0000000100000000)
  eden space 2560K, 0% used [0x00000000d5580000,0x00000000d5580000,0x00000000d5800000)
  from space 1024K, 65% used [0x00000000d5800000,0x00000000d58a8000,0x00000000d5900000)
  to   space 1024K, 0% used [0x00000000d5980000,0x00000000d5980000,0x00000000d5a80000)
 ParOldGen       total 573952K, used 573695K [0x0000000080000000, 0x00000000a3080000, 0x00000000d5580000)
  object space 573952K, 99% used [0x0000000080000000,0x00000000a303ffb0,0x00000000a3080000)
 Metaspace       used 93288K, committed 95040K, reserved 1179648K
  class space    used 9453K, committed 10304K, reserved 1048576K
}

