# JRE version: OpenJDK Runtime Environment Temurin-21.0.10+7 (21.0.10+7) (build 21.0.10+7-LTS)
# Java VM: OpenJDK 64-Bit Server VM Temurin-21.0.10+7 (21.0.10+7-LTS, mixed mode, sharing, tiered, compressed oops, compressed class ptrs, parallel gc, windows-amd64)
GC Precious Log:
 CardTable entry size: 512
 CPUs: 12 total, 12 available
 Memory: 7577M
 Large Page Support: Disabled
 NUMA Support: Disabled
 Compressed Oops: Enabled (32-bit)
 Alignments: Space 512K, Generation 512K, Heap 2M
 Heap Min Capacity: 100M
 Heap Initial Capacity: 100M
 Heap Max Capacity: 2G
 Pre-touch: Disabled
 Parallel Workers: 10
Heap:
 PSYoungGen      total 6656K, used 1446K [0x00000000d5580000, 0x00000000d5d80000, 0x0000000100000000)
  eden space 6144K, 15% used [0x00000000d5580000,0x00000000d56698b0,0x00000000d5b80000)
  from space 512K, 100% used [0x00000000d5d00000,0x00000000d5d80000,0x00000000d5d80000)
  to   space 1024K, 0% used [0x00000000d5b80000,0x00000000d5b80000,0x00000000d5c80000)
 ParOldGen       total 781824K, used 781461K [0x0000000080000000, 0x00000000afb80000, 0x00000000d5580000)
  object space 781824K, 99% used [0x0000000080000000,0x00000000afb255d8,0x00000000afb80000)
 Metaspace       used 97391K, committed 99520K, reserved 1179648K
  class space    used 9821K, committed 10752K, reserved 1048576K
GC Heap History (20 events):
Event: 9435.650 GC heap before
{Heap before GC invocations=2987 (full 5):
 PSYoungGen      total 4096K, used 3904K [0x00000000d5580000, 0x00000000d5a80000, 0x0000000100000000)
  eden space 3584K, 100% used [0x00000000d5580000,0x00000000d5900000,0x00000000d5900000)
  from space 512K, 62% used [0x00000000d5a00000,0x00000000d5a50000,0x00000000d5a80000)
  to   space 512K, 0% used [0x00000000d5900000,0x00000000d5900000,0x00000000d5980000)
 ParOldGen       total 779776K, used 779376K [0x0000000080000000, 0x00000000af980000, 0x00000000d5580000)
  object space 779776K, 99% used [0x0000000080000000,0x00000000af91c0c0,0x00000000af980000)
 Metaspace       used 97347K, committed 99520K, reserved 1179648K
  class space    used 9821K, committed 10752K, reserved 1048576K
}
Event: 9435.652 GC heap after
{Heap after GC invocations=2987 (full 5):
 PSYoungGen      total 4096K, used 320K [0x00000000d5580000, 0x00000000d5b00000, 0x0000000100000000)
  eden space 3584K, 0% used [0x00000000d5580000,0x00000000d5580000,0x00000000d5900000)
  from space 512K, 62% used [0x00000000d5900000,0x00000000d5950000,0x00000000d5980000)
  to   space 512K, 0% used [0x00000000d5a80000,0x00000000d5a80000,0x00000000d5b00000)
 ParOldGen       total 779776K, used 779456K [0x0000000080000000, 0x00000000af980000, 0x00000000d5580000)
  object space 779776K, 99% used [0x0000000080000000,0x00000000af9300c0,0x00000000af980000)
 Metaspace       used 97347K, committed 99520K, reserved 1179648K
  class space    used 9821K, committed 10752K, reserved 1048576K
}
Event: 9435.657 GC heap before
{Heap before GC invocations=2988 (full 5):
 PSYoungGen      total 4096K, used 3904K [0x00000000d5580000, 0x00000000d5b00000, 0x0000000100000000)
  eden space 3584K, 100% used [0x00000000d5580000,0x00000000d5900000,0x00000000d5900000)
  from space 512K, 62% used [0x00000000d5900000,0x00000000d5950000,0x00000000d5980000)
  to   space 512K, 0% used [0x00000000d5a80000,0x00000000d5a80000,0x00000000d5b00000)
 ParOldGen       total 779776K, used 779456K [0x0000000080000000, 0x00000000af980000, 0x00000000d5580000)
  object space 779776K, 99% used [0x0000000080000000,0x00000000af9300c0,0x00000000af980000)
 Metaspace       used 97347K, committed 99520K, reserved 1179648K
  class space    used 9821K, committed 10752K, reserved 1048576K
}
Event: 9435.658 GC heap after
{Heap after GC invocations=2988 (full 5):
 PSYoungGen      total 5120K, used 320K [0x00000000d5580000, 0x00000000d5b00000, 0x0000000100000000)
  eden space 4608K, 0% used [0x00000000d5580000,0x00000000d5580000,0x00000000d5a00000)
  from space 512K, 62% used [0x00000000d5a80000,0x00000000d5ad0000,0x00000000d5b00000)
  to   space 512K, 0% used [0x00000000d5a00000,0x00000000d5a00000,0x00000000d5a80000)
 ParOldGen       total 779776K, used 779544K [0x0000000080000000, 0x00000000af980000, 0x00000000d5580000)
  object space 779776K, 99% used [0x0000000080000000,0x00000000af9460c0,0x00000000af980000)
 Metaspace       used 97347K, committed 99520K, reserved 1179648K
  class space    used 9821K, committed 10752K, reserved 1048576K
}
Event: 9435.664 GC heap before
{Heap before GC invocations=2989 (full 5):
 PSYoungGen      total 5120K, used 4928K [0x00000000d5580000, 0x00000000d5b00000, 0x0000000100000000)
  eden space 4608K, 100% used [0x00000000d5580000,0x00000000d5a00000,0x00000000d5a00000)
  from space 512K, 62% used [0x00000000d5a80000,0x00000000d5ad0000,0x00000000d5b00000)
  to   space 512K, 0% used [0x00000000d5a00000,0x00000000d5a00000,0x00000000d5a80000)
 ParOldGen       total 779776K, used 779544K [0x0000000080000000, 0x00000000af980000, 0x00000000d5580000)
  object space 779776K, 99% used [0x0000000080000000,0x00000000af9460c0,0x00000000af980000)
 Metaspace       used 97347K, committed 99520K, reserved 1179648K
  class space    used 9821K, committed 10752K, reserved 1048576K
}
Event: 9435.665 GC heap after
{Heap after GC invocations=2989 (full 5):
 PSYoungGen      total 5120K, used 320K [0x00000000d5580000, 0x00000000d5c00000, 0x0000000100000000)
  eden space 4608K, 0% used [0x00000000d5580000,0x00000000d5580000,0x00000000d5a00000)
  from space 512K, 62% used [0x00000000d5a00000,0x00000000d5a50000,0x00000000d5a80000)
  to   space 512K, 0% used [0x00000000d5b80000,0x00000000d5b80000,0x00000000d5c00000)
 ParOldGen       total 779776K, used 779608K [0x0000000080000000, 0x00000000af980000, 0x00000000d5580000)
  object space 779776K, 99% used [0x0000000080000000,0x00000000af9560c0,0x00000000af980000)
 Metaspace       used 97347K, committed 99520K, reserved 1179648K
  class space    used 9821K, committed 10752K, reserved 1048576K
}
Event: 9435.670 GC heap before
{Heap before GC invocations=2990 (full 5):
 PSYoungGen      total 5120K, used 4928K [0x00000000d5580000, 0x00000000d5c00000, 0x0000000100000000)
  eden space 4608K, 100% used [0x00000000d5580000,0x00000000d5a00000,0x00000000d5a00000)
  from space 512K, 62% used [0x00000000d5a00000,0x00000000d5a50000,0x00000000d5a80000)
  to   space 512K, 0% used [0x00000000d5b80000,0x00000000d5b80000,0x00000000d5c00000)
 ParOldGen       total 779776K, used 779608K [0x0000000080000000, 0x00000000af980000, 0x00000000d5580000)
  object space 779776K, 99% used [0x0000000080000000,0x00000000af9560c0,0x00000000af980000)
 Metaspace       used 97358K, committed 99520K, reserved 1179648K
  class space    used 9821K, committed 10752K, reserved 1048576K
}
Event: 9435.672 GC heap after
{Heap after GC invocations=2990 (full 5):
 PSYoungGen      total 6144K, used 256K [0x00000000d5580000, 0x00000000d5c00000, 0x0000000100000000)
  eden space 5632K, 0% used [0x00000000d5580000,0x00000000d5580000,0x00000000d5b00000)
  from space 512K, 50% used [0x00000000d5b80000,0x00000000d5bc0000,0x00000000d5c00000)
  to   space 512K, 0% used [0x00000000d5b00000,0x00000000d5b00000,0x00000000d5b80000)
 ParOldGen       total 779776K, used 779656K [0x0000000080000000, 0x00000000af980000, 0x00000000d5580000)
  object space 779776K, 99% used [0x0000000080000000,0x00000000af9620c0,0x00000000af980000)
 Metaspace       used 97358K, committed 99520K, reserved 1179648K
  class space    used 9821K, committed 10752K, reserved 1048576K
}
Event: 9435.714 GC heap before
{Heap before GC invocations=2991 (full 5):
 PSYoungGen      total 6144K, used 5888K [0x00000000d5580000, 0x00000000d5c00000, 0x0000000100000000)
  eden space 5632K, 100% used [0x00000000d5580000,0x00000000d5b00000,0x00000000d5b00000)
  from space 512K, 50% used [0x00000000d5b80000,0x00000000d5bc0000,0x00000000d5c00000)
  to   space 512K, 0% used [0x00000000d5b00000,0x00000000d5b00000,0x00000000d5b80000)
 ParOldGen       total 779776K, used 779656K [0x0000000080000000, 0x00000000af980000, 0x00000000d5580000)
  object space 779776K, 99% used [0x0000000080000000,0x00000000af9620c0,0x00000000af980000)
 Metaspace       used 97358K, committed 99520K, reserved 1179648K
  class space    used 9821K, committed 10752K, reserved 1048576K
}
Event: 9435.716 GC heap after
{Heap after GC invocations=2991 (full 5):
 PSYoungGen      total 6144K, used 288K [0x00000000d5580000, 0x00000000d5d80000, 0x0000000100000000)
  eden space 5632K, 0% used [0x00000000d5580000,0x00000000d5580000,0x00000000d5b00000)
  from space 512K, 56% used [0x00000000d5b00000,0x00000000d5b48000,0x00000000d5b80000)
  to   space 512K, 0% used [0x00000000d5d00000,0x00000000d5d00000,0x00000000d5d80000)
 ParOldGen       total 779776K, used 779744K [0x0000000080000000, 0x00000000af980000, 0x00000000d5580000)
  object space 779776K, 99% used [0x0000000080000000,0x00000000af9780c0,0x00000000af980000)
 Metaspace       used 97358K, committed 99520K, reserved 1179648K
  class space    used 9821K, committed 10752K, reserved 1048576K
}
Event: 9435.723 GC heap before
{Heap before GC invocations=2992 (full 5):
 PSYoungGen      total 6144K, used 5920K [0x00000000d5580000, 0x00000000d5d80000, 0x0000000100000000)
  eden space 5632K, 100% used [0x00000000d5580000,0x00000000d5b00000,0x00000000d5b00000)
  from space 512K, 56% used [0x00000000d5b00000,0x00000000d5b48000,0x00000000d5b80000)
  to   space 512K, 0% used [0x00000000d5d00000,0x00000000d5d00000,0x00000000d5d80000)
 ParOldGen       total 779776K, used 779744K [0x0000000080000000, 0x00000000af980000, 0x00000000d5580000)
  object space 779776K, 99% used [0x0000000080000000,0x00000000af9780c0,0x00000000af980000)
 Metaspace       used 97358K, committed 99520K, reserved 1179648K
  class space    used 9821K, committed 10752K, reserved 1048576K
}
Event: 9435.725 GC heap after
{Heap after GC invocations=2992 (full 5):
 PSYoungGen      total 7680K, used 320K [0x00000000d5580000, 0x00000000d5d80000, 0x0000000100000000)
  eden space 7168K, 0% used [0x00000000d5580000,0x00000000d5580000,0x00000000d5c80000)
  from space 512K, 62% used [0x00000000d5d00000,0x00000000d5d50000,0x00000000d5d80000)
  to   space 512K, 0% used [0x00000000d5c80000,0x00000000d5c80000,0x00000000d5d00000)
 ParOldGen       total 780288K, used 779856K [0x0000000080000000, 0x00000000afa00000, 0x00000000d5580000)
  object space 780288K, 99% used [0x0000000080000000,0x00000000af9940c0,0x00000000afa00000)
 Metaspace       used 97358K, committed 99520K, reserved 1179648K
  class space    used 9821K, committed 10752K, reserved 1048576K
}
Event: 9435.734 GC heap before
{Heap before GC invocations=2993 (full 5):
 PSYoungGen      total 7680K, used 7488K [0x00000000d5580000, 0x00000000d5d80000, 0x0000000100000000)
  eden space 7168K, 100% used [0x00000000d5580000,0x00000000d5c80000,0x00000000d5c80000)
  from space 512K, 62% used [0x00000000d5d00000,0x00000000d5d50000,0x00000000d5d80000)
  to   space 512K, 0% used [0x00000000d5c80000,0x00000000d5c80000,0x00000000d5d00000)
 ParOldGen       total 780288K, used 779856K [0x0000000080000000, 0x00000000afa00000, 0x00000000d5580000)
  object space 780288K, 99% used [0x0000000080000000,0x00000000af9940c0,0x00000000afa00000)
 Metaspace       used 97358K, committed 99520K, reserved 1179648K
  class space    used 9821K, committed 10752K, reserved 1048576K
}
Event: 9435.736 GC heap after
{Heap after GC invocations=2993 (full 5):
 PSYoungGen      total 7680K, used 288K [0x00000000d5580000, 0x00000000d5d80000, 0x0000000100000000)
  eden space 7168K, 0% used [0x00000000d5580000,0x00000000d5580000,0x00000000d5c80000)
  from space 512K, 56% used [0x00000000d5c80000,0x00000000d5cc8000,0x00000000d5d00000)
  to   space 512K, 0% used [0x00000000d5d00000,0x00000000d5d00000,0x00000000d5d80000)
 ParOldGen       total 780288K, used 779936K [0x0000000080000000, 0x00000000afa00000, 0x00000000d5580000)
  object space 780288K, 99% used [0x0000000080000000,0x00000000af9a80c0,0x00000000afa00000)
 Metaspace       used 97358K, committed 99520K, reserved 1179648K
  class space    used 9821K, committed 10752K, reserved 1048576K
}
Event: 9435.964 GC heap before
{Heap before GC invocations=2994 (full 5):
 PSYoungGen      total 7680K, used 7275K [0x00000000d5580000, 0x00000000d5d80000, 0x0000000100000000)
  eden space 7168K, 97% used [0x00000000d5580000,0x00000000d5c52ed0,0x00000000d5c80000)
  from space 512K, 56% used [0x00000000d5c80000,0x00000000d5cc8000,0x00000000d5d00000)
  to   space 512K, 0% used [0x00000000d5d00000,0x00000000d5d00000,0x00000000d5d80000)
 ParOldGen       total 780288K, used 779936K [0x0000000080000000, 0x00000000afa00000, 0x00000000d5580000)
  object space 780288K, 99% used [0x0000000080000000,0x00000000af9a80c0,0x00000000afa00000)
 Metaspace       used 97358K, committed 99520K, reserved 1179648K
  class space    used 9821K, committed 10752K, reserved 1048576K
}
Event: 9435.968 GC heap after
{Heap after GC invocations=2994 (full 5):
 PSYoungGen      total 6656K, used 498K [0x00000000d5580000, 0x00000000d5f80000, 0x0000000100000000)
  eden space 6144K, 0% used [0x00000000d5580000,0x00000000d5580000,0x00000000d5b80000)
  from space 512K, 97% used [0x00000000d5d00000,0x00000000d5d7c9b8,0x00000000d5d80000)
  to   space 1536K, 0% used [0x00000000d5b80000,0x00000000d5b80000,0x00000000d5d00000)
 ParOldGen       total 780800K, used 780651K [0x0000000080000000, 0x00000000afa80000, 0x00000000d5580000)
  object space 780800K, 99% used [0x0000000080000000,0x00000000afa5ac10,0x00000000afa80000)
 Metaspace       used 97358K, committed 99520K, reserved 1179648K
  class space    used 9821K, committed 10752K, reserved 1048576K
}
Event: 9436.118 GC heap before
{Heap before GC invocations=2995 (full 5):
 PSYoungGen      total 6656K, used 6642K [0x00000000d5580000, 0x00000000d5f80000, 0x0000000100000000)
  eden space 6144K, 100% used [0x00000000d5580000,0x00000000d5b80000,0x00000000d5b80000)
  from space 512K, 97% used [0x00000000d5d00000,0x00000000d5d7c9b8,0x00000000d5d80000)
  to   space 1536K, 0% used [0x00000000d5b80000,0x00000000d5b80000,0x00000000d5d00000)
 ParOldGen       total 780800K, used 780651K [0x0000000080000000, 0x00000000afa80000, 0x00000000d5580000)
  object space 780800K, 99% used [0x0000000080000000,0x00000000afa5ac10,0x00000000afa80000)
 Metaspace       used 97358K, committed 99520K, reserved 1179648K
  class space    used 9821K, committed 10752K, reserved 1048576K
}
Event: 9436.122 GC heap after
{Heap after GC invocations=2995 (full 5):
 PSYoungGen      total 7680K, used 1205K [0x00000000d5580000, 0x00000000d5e80000, 0x0000000100000000)
  eden space 6144K, 0% used [0x00000000d5580000,0x00000000d5580000,0x00000000d5b80000)
  from space 1536K, 78% used [0x00000000d5b80000,0x00000000d5cad530,0x00000000d5d00000)
  to   space 1536K, 0% used [0x00000000d5d00000,0x00000000d5d00000,0x00000000d5e80000)
 ParOldGen       total 781312K, used 780997K [0x0000000080000000, 0x00000000afb00000, 0x00000000d5580000)
  object space 781312K, 99% used [0x0000000080000000,0x00000000afab15d8,0x00000000afb00000)
 Metaspace       used 97358K, committed 99520K, reserved 1179648K
  class space    used 9821K, committed 10752K, reserved 1048576K
}
Event: 9436.227 GC heap before
{Heap before GC invocations=2996 (full 5):
 PSYoungGen      total 7680K, used 7264K [0x00000000d5580000, 0x00000000d5e80000, 0x0000000100000000)
  eden space 6144K, 98% used [0x00000000d5580000,0x00000000d5b6ad88,0x00000000d5b80000)
  from space 1536K, 78% used [0x00000000d5b80000,0x00000000d5cad530,0x00000000d5d00000)
  to   space 1536K, 0% used [0x00000000d5d00000,0x00000000d5d00000,0x00000000d5e80000)
 ParOldGen       total 781312K, used 780997K [0x0000000080000000, 0x00000000afb00000, 0x00000000d5580000)
  object space 781312K, 99% used [0x0000000080000000,0x00000000afab15d8,0x00000000afb00000)
 Metaspace       used 97379K, committed 99520K, reserved 1179648K
  class space    used 9821K, committed 10752K, reserved 1048576K
}
Event: 9436.231 GC heap after
{Heap after GC invocations=2996 (full 5):
 PSYoungGen      total 6656K, used 512K [0x00000000d5580000, 0x00000000d5d80000, 0x0000000100000000)
  eden space 6144K, 0% used [0x00000000d5580000,0x00000000d5580000,0x00000000d5b80000)
  from space 512K, 100% used [0x00000000d5d00000,0x00000000d5d80000,0x00000000d5d80000)
  to   space 1024K, 0% used [0x00000000d5b80000,0x00000000d5b80000,0x00000000d5c80000)
 ParOldGen       total 781824K, used 781461K [0x0000000080000000, 0x00000000afb80000, 0x00000000d5580000)
  object space 781824K, 99% used [0x0000000080000000,0x00000000afb255d8,0x00000000afb80000)
 Metaspace       used 97379K, committed 99520K, reserved 1179648K
  class space    used 9821K, committed 10752K, reserved 1048576K
}

